# JRE version: OpenJDK Runtime Environment Microsoft-31205 (11.0.14.1+1) (build 11.0.14.1+1-LTS)
# Java VM: OpenJDK 64-Bit Server VM Microsoft-31205 (11.0.14.1+1-LTS, mixed mode, tiered, compressed oops, g1 gc, linux-amd64)
Heap:
 garbage-first heap   total 160768K, used 89640K [0x0000000083c00000, 0x0000000100000000)
  region size 1024K, 67 young (68608K), 4 survivors (4096K)
 Metaspace       used 22567K, capacity 23708K, committed 23932K, reserved 1071104K
  class space    used 2443K, capacity 2920K, committed 2940K, reserved 1048576K
GC Heap History (14 events):
Event: 0.790 GC heap before
{Heap before GC invocations=0 (full 0):
 garbage-first heap   total 129024K, used 12288K [0x0000000083c00000, 0x0000000100000000)
  region size 1024K, 7 young (7168K), 0 survivors (0K)
 Metaspace       used 6993K, capacity 7121K, committed 7424K, reserved 1056768K
  class space    used 615K, capacity 652K, committed 768K, reserved 1048576K
}
Event: 0.806 GC heap after
{Heap after GC invocations=1 (full 0):
 garbage-first heap   total 129024K, used 10134K [0x0000000083c00000, 0x0000000100000000)
  region size 1024K, 1 young (1024K), 1 survivors (1024K)
 Metaspace       used 6993K, capacity 7121K, committed 7424K, reserved 1056768K
  class space    used 615K, capacity 652K, committed 768K, reserved 1048576K
}
Event: 0.938 GC heap before
{Heap before GC invocations=1 (full 0):
 garbage-first heap   total 129024K, used 14230K [0x0000000083c00000, 0x0000000100000000)
  region size 1024K, 6 young (6144K), 1 survivors (1024K)
 Metaspace       used 7069K, capacity 7185K, committed 7424K, reserved 1056768K
  class space    used 615K, capacity 652K, committed 768K, reserved 1048576K
}
Event: 0.942 GC heap after
{Heap after GC invocations=2 (full 0):
 garbage-first heap   total 129024K, used 13807K [0x0000000083c00000, 0x0000000100000000)
  region size 1024K, 1 young (1024K), 1 survivors (1024K)
 Metaspace       used 7069K, capacity 7185K, committed 7424K, reserved 1056768K
  class space    used 615K, capacity 652K, committed 768K, reserved 1048576K
}
Event: 1.350 GC heap before
{Heap before GC invocations=2 (full 0):
 garbage-first heap   total 129024K, used 23023K [0x0000000083c00000, 0x0000000100000000)
  region size 1024K, 10 young (10240K), 1 survivors (1024K)
 Metaspace       used 9266K, capacity 9459K, committed 9728K, reserved 1058816K
  class space    used 872K, capacity 966K, committed 1024K, reserved 1048576K
}
Event: 1.365 GC heap after
{Heap after GC invocations=3 (full 0):
 garbage-first heap   total 129024K, used 15810K [0x0000000083c00000, 0x0000000100000000)
  region size 1024K, 2 young (2048K), 2 survivors (2048K)
 Metaspace       used 9266K, capacity 9459K, committed 9728K, reserved 1058816K
  class space    used 872K, capacity 966K, committed 1024K, reserved 1048576K
}
Event: 1.812 GC heap before
{Heap before GC invocations=3 (full 0):
 garbage-first heap   total 129024K, used 28098K [0x0000000083c00000, 0x0000000100000000)
  region size 1024K, 14 young (14336K), 2 survivors (2048K)
 Metaspace       used 11291K, capacity 11639K, committed 11776K, reserved 1060864K
  class space    used 1122K, capacity 1230K, committed 1280K, reserved 1048576K
}
Event: 1.819 GC heap after
{Heap after GC invocations=4 (full 0):
 garbage-first heap   total 129024K, used 16432K [0x0000000083c00000, 0x0000000100000000)
  region size 1024K, 1 young (1024K), 1 survivors (1024K)
 Metaspace       used 11291K, capacity 11639K, committed 11776K, reserved 1060864K
  class space    used 1122K, capacity 1230K, committed 1280K, reserved 1048576K
}
Event: 3.000 GC heap before
{Heap before GC invocations=4 (full 0):
 garbage-first heap   total 129024K, used 35888K [0x0000000083c00000, 0x0000000100000000)
  region size 1024K, 20 young (20480K), 1 survivors (1024K)
 Metaspace       used 13602K, capacity 14048K, committed 14336K, reserved 1062912K
  class space    used 1340K, capacity 1500K, committed 1536K, reserved 1048576K
}
Event: 3.009 GC heap after
{Heap after GC invocations=5 (full 0):
 garbage-first heap   total 160768K, used 17279K [0x0000000083c00000, 0x0000000100000000)
  region size 1024K, 2 young (2048K), 2 survivors (2048K)
 Metaspace       used 13602K, capacity 14048K, committed 14336K, reserved 1062912K
  class space    used 1340K, capacity 1500K, committed 1536K, reserved 1048576K
}
Event: 4.208 GC heap before
{Heap before GC invocations=5 (full 0):
 garbage-first heap   total 160768K, used 47999K [0x0000000083c00000, 0x0000000100000000)
  region size 1024K, 32 young (32768K), 2 survivors (2048K)
 Metaspace       used 16389K, capacity 17151K, committed 17408K, reserved 1064960K
  class space    used 1678K, capacity 1957K, committed 2048K, reserved 1048576K
}
Event: 4.223 GC heap after
{Heap after GC invocations=6 (full 0):
 garbage-first heap   total 160768K, used 19323K [0x0000000083c00000, 0x0000000100000000)
  region size 1024K, 4 young (4096K), 4 survivors (4096K)
 Metaspace       used 16389K, capacity 17151K, committed 17408K, reserved 1064960K
  class space    used 1678K, capacity 1957K, committed 2048K, reserved 1048576K
}
Event: 6.172 GC heap before
{Heap before GC invocations=6 (full 0):
 garbage-first heap   total 160768K, used 72571K [0x0000000083c00000, 0x0000000100000000)
  region size 1024K, 54 young (55296K), 4 survivors (4096K)
 Metaspace       used 20290K, capacity 21243K, committed 21296K, reserved 1069056K
  class space    used 2216K, capacity 2574K, committed 2608K, reserved 1048576K
}
Event: 6.194 GC heap after
{Heap after GC invocations=7 (full 0):
 garbage-first heap   total 160768K, used 20008K [0x0000000083c00000, 0x0000000100000000)
  region size 1024K, 4 young (4096K), 4 survivors (4096K)
 Metaspace       used 20290K, capacity 21243K, committed 21296K, reserved 1069056K
  class space    used 2216K, capacity 2574K, committed 2608K, reserved 1048576K
}

